<?xml version="1.0" encoding="UTF-8"?>
<!-- Generated by org.testng.reporters.JUnitReportReporter -->
<testsuite hostname="DESKTOP-0RE88GF" failures="0" tests="4" name="com.crm.qa.testcases.HomePageTestCases" time="56.674" errors="0" timestamp="17 Jun 2020 07:43:23 GMT" skipped="0">
  <testcase classname="com.crm.qa.testcases.HomePageTestCases" name="verifyHomePageTitleTest" time="13.869"/>
  <testcase classname="com.crm.qa.testcases.HomePageTestCases" name="verifyUserNameTest" time="13.952"/>
  <testcase classname="com.crm.qa.testcases.HomePageTestCases" name="verifyDealLinkTest" time="14.391"/>
  <testcase classname="com.crm.qa.testcases.HomePageTestCases" name="verifyContactsLinkTest" time="14.462"/>
</testsuite> <!-- com.crm.qa.testcases.HomePageTestCases -->
