<?xml version="1.0" encoding="UTF-8"?>
<!-- Generated by org.testng.reporters.JUnitReportReporter -->
<testsuite hostname="DESKTOP-0RE88GF" failures="0" tests="3" name="com.crm.qa.testcases.LoginPageTestCase" time="34.514" errors="0" timestamp="17 Jun 2020 07:43:23 GMT" skipped="0">
  <testcase classname="com.crm.qa.testcases.LoginPageTestCase" name="loginPageTitleTest" time="9.910"/>
  <testcase classname="com.crm.qa.testcases.LoginPageTestCase" name="crmLogoImageTest" time="10.230"/>
  <testcase classname="com.crm.qa.testcases.LoginPageTestCase" name="loginTest" time="14.374"/>
</testsuite> <!-- com.crm.qa.testcases.LoginPageTestCase -->
